Successfully loaded Torch version: 2.6.0+cu124
Starting BERT Eval...

Evaluating us_test...
Traceback (most recent call last):
  File "/home/gracenewton/nlp_final/BillSum/evaluate.py", line 68, in <module>
    us_scores = evaluate(
  File "/home/gracenewton/nlp_final/BillSum/evaluate.py", line 37, in evaluate
    preds = load_predictions(os.path.join(results_dir, pred_file))
  File "/home/gracenewton/nlp_final/BillSum/evaluate.py", line 29, in load_predictions
    preds = pd.read_csv(path, sep='\t', header=None)[0].values
  File "/home/gracenewton/miniconda3/envs/legal_nlp/lib/python3.10/site-packages/pandas/io/parsers/readers.py", line 1026, in read_csv
    return _read(filepath_or_buffer, kwds)
  File "/home/gracenewton/miniconda3/envs/legal_nlp/lib/python3.10/site-packages/pandas/io/parsers/readers.py", line 620, in _read
    parser = TextFileReader(filepath_or_buffer, **kwds)
  File "/home/gracenewton/miniconda3/envs/legal_nlp/lib/python3.10/site-packages/pandas/io/parsers/readers.py", line 1620, in __init__
    self._engine = self._make_engine(f, self.engine)
  File "/home/gracenewton/miniconda3/envs/legal_nlp/lib/python3.10/site-packages/pandas/io/parsers/readers.py", line 1880, in _make_engine
    self.handles = get_handle(
  File "/home/gracenewton/miniconda3/envs/legal_nlp/lib/python3.10/site-packages/pandas/io/common.py", line 873, in get_handle
    handle = open(
FileNotFoundError: [Errno 2] No such file or directory: './billsum_bert_results/test_results_full_2_fast.tsv'
